--- Log opened Sat Mar 03 22:09:48 2018
22:09 -!- fxbg [fxbg@BB726BD3.BA8C7D26.2F258E.IP] has joined #programming
22:09 -!- Irssi: #programming: Total of 1 nicks [1 ops, 0 halfops, 0 voices, 0 normal]
22:09 -!- Irssi: Join to #programming was synced in 3 secs
--- Log closed Sat Mar 03 23:10:51 2018
--- Log opened Sat Mar 03 23:14:11 2018
23:14 -!- fxbg [fxbg@91E9CCE9.39A08973.7177112.IP] has joined #programming
23:14 -!- Irssi: #programming: Total of 1 nicks [1 ops, 0 halfops, 0 voices, 0 normal]
23:14 -!- Irssi: Join to #programming was synced in 1 secs
--- Log closed Sun Mar 04 07:24:57 2018
--- Log opened Sun Mar 04 07:24:59 2018
07:24 -!- fxbg [fxbg@91E9CCE9.39A08973.7177112.IP] has joined #programming
07:24 -!- Irssi: #programming: Total of 1 nicks [1 ops, 0 halfops, 0 voices, 0 normal]
07:25 -!- Irssi: Join to #programming was synced in 12 secs
--- Log closed Sun Mar 04 09:25:42 2018
--- Log opened Sun Mar 04 09:25:43 2018
09:25 -!- fxbg [fxbg@ABA32628.BFCD31D4.CAF0FE9B.IP] has joined #programming
09:25 -!- Irssi: #programming: Total of 2 nicks [1 ops, 0 halfops, 0 voices, 1 normal]
09:26 -!- Irssi: Join to #programming was synced in 22 secs
10:23 -!- FFY00 [FFY00@mescaline.genesis] has quit [Read error]
10:27 -!- FFY00 [FFY00@mescaline.genesis] has joined #programming
10:36 -!- FFY00 [FFY00@mescaline.genesis] has quit [Ping timeout: 180 seconds]
10:38 -!- FFY00 [FFY00@mescaline.genesis] has joined #programming
10:40 -!- FFY00 [FFY00@mescaline.genesis] has quit [Read error]
10:40 -!- FFY00 [FFY00@mescaline.genesis] has joined #programming
10:44 -!- You're now known as fxbg|away
11:35 -!- FFY00_ [FFY00@mescaline.genesis] has joined #programming
11:35 -!- FFY00_ [FFY00@mescaline.genesis] has quit [Read error]
12:25 -!- You're now known as fxbg
13:20 -!- You're now known as fxbg|mustsleepz
13:28 -!- You're now known as fxbg
14:48 -!- You're now known as fxbg|gonez
